[2024/12/28 15:52:49.087] INFO | 成功从豆瓣小组 728957 中获取到 29 个帖子
[2024/12/28 15:53:04.363] INFO | 成功将 728957 中的 29 个帖子的主楼用户快照与帖子统计数据快照、帖子数据快照同步到数据库中
[2024/12/28 15:55:32.187] INFO | 成功从豆瓣小组 728957 中获取到 29 个帖子
[2024/12/28 15:55:42.467] INFO | 成功将小组Id为 728957 中的 29 个帖子的主楼用户快照与帖子统计数据快照、帖子数据快照同步到数据库中
[2024/12/28 15:58:21.652] INFO | 成功从豆瓣小组 728957 中获取到 28 个帖子
[2024/12/28 15:58:30.036] INFO | 成功将小组Id为 728957 中的 28 个帖子的主楼用户快照与帖子统计数据快照、帖子数据快照同步到数据库中
[2024/12/28 15:59:14.037] INFO | 成功从豆瓣小组 728957 中获取到 28 个帖子
[2024/12/28 15:59:23.227] INFO | 成功将小组Id为 728957 中的 28 个帖子的主楼用户快照与帖子统计数据快照、帖子数据快照同步到数据库中
[2024/12/28 16:00:12.339] INFO | 成功从豆瓣小组 728957 中获取到 28 个帖子
[2024/12/28 16:00:22.640] INFO | 成功将小组Id为 728957 中的 28 个帖子的主楼用户快照与帖子统计数据快照、帖子数据快照同步到数据库中
[2024/12/28 16:04:34.130] INFO | 成功从豆瓣小组 728957 中获取到 29 个帖子
[2024/12/28 16:04:45.729] INFO | 成功将小组Id为 728957 中的 29 个帖子的主楼用户快照与帖子统计数据快照、帖子数据快照同步到数据库中
[2024/12/28 16:07:11.919] INFO | 成功从豆瓣小组 728957 中获取到 29 个帖子
[2024/12/28 16:07:22.066] INFO | 成功将小组Id为 728957 中的 29 个帖子的主楼用户快照与帖子统计数据快照、帖子数据快照同步到数据库中
[2024/12/28 16:08:26.068] INFO | 成功从豆瓣小组 728957 中获取到 29 个帖子
[2024/12/28 16:08:37.671] INFO | 成功将小组Id为 728957 中的 29 个帖子的主楼用户快照与帖子统计数据快照、帖子数据快照同步到数据库中
[2024/12/28 22:20:18.992] INFO | 成功从豆瓣小组 728957 中获取到 30 个帖子
[2024/12/28 22:20:46.368] INFO | 成功将小组Id为 728957 中的 30 个帖子的主楼用户快照与帖子统计数据快照、帖子数据快照同步到数据库中
[2024/12/28 23:01:37.288] INFO | 成功从豆瓣小组 728957 中获取到 29 个帖子
[2024/12/28 23:01:57.766] INFO | 成功将小组Id为 728957 中的 29 个帖子的主楼用户快照与帖子统计数据快照、帖子数据快照同步到数据库中
[2024/12/28 23:01:57.767] INFO | 正在构建评论数据同步任务队列...
[2024/12/28 23:02:36.881] INFO | 正在从评论数据同步任务队列中获取评论数据同步任务...
[2024/12/28 23:02:36.882] INFO | 成功获取到 0 个评论数据同步任务
[2024/12/28 23:02:58.218] INFO | 成功从豆瓣小组 728957 中获取到 29 个帖子
[2024/12/28 23:03:12.683] INFO | 成功将小组Id为 728957 中的 29 个帖子的主楼用户快照与帖子统计数据快照、帖子数据快照同步到数据库中
[2024/12/28 23:03:12.684] INFO | 正在构建评论数据同步任务队列...
[2024/12/28 23:04:13.004] INFO | 成功从豆瓣小组 728957 中获取到 29 个帖子
[2024/12/28 23:04:27.814] INFO | 成功将小组Id为 728957 中的 29 个帖子的主楼用户快照与帖子统计数据快照、帖子数据快照同步到数据库中
[2024/12/28 23:04:27.816] INFO | 正在构建评论数据同步任务队列...
[2024/12/28 23:04:36.898] INFO | 正在从评论数据同步任务队列中获取评论数据同步任务...
[2024/12/28 23:04:36.899] INFO | 成功获取到 0 个评论数据同步任务
[2024/12/28 23:10:19.992] INFO | 成功从豆瓣小组 728957 中获取到 29 个帖子
[2024/12/28 23:10:36.450] INFO | 成功将小组Id为 728957 中的 29 个帖子的主楼用户快照与帖子统计数据快照、帖子数据快照同步到数据库中
[2024/12/28 23:10:36.452] INFO | 正在构建评论数据同步任务队列...
[2024/12/28 23:10:36.453] INFO | 成功构建了 29 个评论数据同步任务
[2024/12/28 23:13:47.486] INFO | 成功从豆瓣小组 728957 中获取到 29 个帖子
[2024/12/28 23:14:01.208] INFO | 成功将小组Id为 728957 中的 29 个帖子的主楼用户快照与帖子统计数据快照、帖子数据快照同步到数据库中
[2024/12/28 23:14:01.211] INFO | 成功构建了 29 个评论数据同步任务
[2024/12/28 23:14:01.210] INFO | 正在构建评论数据同步任务队列...
[2024/12/28 23:15:13.695] INFO | 成功从豆瓣小组 728957 中获取到 29 个帖子
[2024/12/28 23:15:28.787] INFO | 成功将小组Id为 728957 中的 29 个帖子的主楼用户快照与帖子统计数据快照、帖子数据快照同步到数据库中
[2024/12/28 23:15:28.788] INFO | 正在构建评论数据同步任务队列...
[2024/12/28 23:15:28.790] INFO | 成功构建了 29 个评论数据同步任务
[2024/12/28 23:17:45.215] INFO | 成功从豆瓣小组 728957 中获取到 29 个帖子
[2024/12/28 23:17:58.743] INFO | 成功将小组Id为 728957 中的 29 个帖子的主楼用户快照与帖子统计数据快照、帖子数据快照同步到数据库中
[2024/12/28 23:17:58.744] INFO | 正在构建评论数据同步任务队列...
[2024/12/28 23:17:58.747] INFO | 成功构建了 29 个评论数据同步任务
[2024/12/28 23:18:44.875] INFO | 正在从评论数据同步任务队列中获取评论数据同步任务...
[2024/12/28 23:18:44.877] INFO | 成功获取到 0 个评论数据同步任务
[2024/12/28 23:18:59.126] INFO | 成功从豆瓣小组 728957 中获取到 29 个帖子
[2024/12/28 23:23:14.354] INFO | 成功从豆瓣小组 728957 中获取到 30 个帖子
[2024/12/28 23:23:29.882] INFO | 成功将小组Id为 728957 中的 30 个帖子的主楼用户快照与帖子统计数据快照、帖子数据快照同步到数据库中
[2024/12/28 23:23:29.883] INFO | 正在构建评论数据同步任务队列...
[2024/12/28 23:23:29.886] INFO | 成功构建了 30 个评论数据同步任务
[2024/12/28 23:24:13.979] INFO | 正在从评论数据同步任务队列中获取评论数据同步任务...
[2024/12/28 23:24:13.980] INFO | 成功获取到 0 个评论数据同步任务
[2024/12/28 23:24:30.226] INFO | 成功从豆瓣小组 728957 中获取到 30 个帖子
[2024/12/28 23:24:44.327] INFO | 成功将小组Id为 728957 中的 30 个帖子的主楼用户快照与帖子统计数据快照、帖子数据快照同步到数据库中
[2024/12/28 23:24:44.328] INFO | 正在构建评论数据同步任务队列...
[2024/12/28 23:24:44.329] INFO | 成功构建了 30 个评论数据同步任务
[2024/12/28 23:25:44.629] INFO | 成功从豆瓣小组 728957 中获取到 30 个帖子
[2024/12/28 23:25:58.568] INFO | 成功将小组Id为 728957 中的 30 个帖子的主楼用户快照与帖子统计数据快照、帖子数据快照同步到数据库中
[2024/12/28 23:25:58.569] INFO | 正在构建评论数据同步任务队列...
[2024/12/28 23:25:58.570] INFO | 成功构建了 30 个评论数据同步任务
[2024/12/28 23:26:13.994] INFO | 正在从评论数据同步任务队列中获取评论数据同步任务...
[2024/12/28 23:26:13.995] INFO | 成功获取到 0 个评论数据同步任务
[2024/12/28 23:26:58.882] INFO | 成功从豆瓣小组 728957 中获取到 30 个帖子
[2024/12/28 23:27:12.434] INFO | 成功将小组Id为 728957 中的 30 个帖子的主楼用户快照与帖子统计数据快照、帖子数据快照同步到数据库中
[2024/12/28 23:27:12.435] INFO | 正在构建评论数据同步任务队列...
[2024/12/28 23:27:12.437] INFO | 成功构建了 30 个评论数据同步任务
[2024/12/28 23:28:12.776] INFO | 成功从豆瓣小组 728957 中获取到 30 个帖子
[2024/12/28 23:28:13.999] INFO | 正在从评论数据同步任务队列中获取评论数据同步任务...
[2024/12/28 23:28:14.001] INFO | 成功获取到 0 个评论数据同步任务
[2024/12/28 23:28:28.801] INFO | 成功将小组Id为 728957 中的 30 个帖子的主楼用户快照与帖子统计数据快照、帖子数据快照同步到数据库中
[2024/12/28 23:28:28.802] INFO | 正在构建评论数据同步任务队列...
[2024/12/28 23:28:28.804] INFO | 成功构建了 30 个评论数据同步任务
[2024/12/28 23:42:53.401] INFO | 成功从豆瓣小组 728957 中获取到 30 个帖子
[2024/12/28 23:43:14.217] INFO | 成功将小组Id为 728957 中的 30 个帖子的主楼用户快照与帖子统计数据快照、帖子数据快照同步到数据库中
[2024/12/28 23:43:14.218] INFO | 正在构建评论数据同步任务队列...
[2024/12/28 23:43:14.224] INFO | 成功构建了 30 个评论数据同步任务
[2024/12/28 23:43:53.024] INFO | 正在从评论数据同步任务队列中获取评论数据同步任务...
[2024/12/28 23:43:53.025] INFO | 成功获取到 0 个评论数据同步任务
[2024/12/28 23:53:34.349] INFO | 成功从豆瓣小组 728957 中获取到 30 个帖子
[2024/12/28 23:53:50.231] INFO | 成功将小组Id为 728957 中的 30 个帖子的主楼用户快照与帖子统计数据快照、帖子数据快照同步到数据库中
[2024/12/28 23:53:50.233] INFO | 正在构建评论数据同步任务队列...
[2024/12/28 23:53:50.239] INFO | 成功构建了 30 个评论数据同步任务
[2024/12/28 23:54:04.040] INFO | 正在从评论数据同步任务队列中获取评论数据同步任务...
[2024/12/28 23:54:04.041] INFO | 成功获取到 0 个评论数据同步任务
[2024/12/28 23:56:09.421] INFO | 成功从豆瓣小组 728957 中获取到 30 个帖子
[2024/12/28 23:56:25.971] INFO | 成功将小组Id为 728957 中的 30 个帖子的主楼用户快照与帖子统计数据快照、帖子数据快照同步到数据库中
[2024/12/28 23:56:25.972] INFO | 正在构建评论数据同步任务队列...
[2024/12/28 23:56:25.977] INFO | 成功构建了 30 个评论数据同步任务
[2024/12/28 23:56:39.032] INFO | 正在从评论数据同步任务队列中获取评论数据同步任务...
[2024/12/28 23:56:39.034] INFO | 成功获取到 0 个评论数据同步任务
[2024/12/28 23:58:11.896] INFO | 成功从豆瓣小组 728957 中获取到 30 个帖子
[2024/12/28 23:58:25.446] INFO | 成功将小组Id为 728957 中的 30 个帖子的主楼用户快照与帖子统计数据快照、帖子数据快照同步到数据库中
[2024/12/28 23:58:25.447] INFO | 正在构建评论数据同步任务队列...
[2024/12/28 23:58:25.453] INFO | 成功构建了 30 个评论数据同步任务
[2024/12/28 23:58:41.538] INFO | 正在从评论数据同步任务队列中获取评论数据同步任务...
[2024/12/28 23:58:41.540] INFO | 成功获取到 0 个评论数据同步任务
[2024/12/28 23:58:55.803] INFO | 成功从豆瓣小组 728957 中获取到 30 个帖子
[2024/12/28 23:59:10.321] INFO | 成功将小组Id为 728957 中的 30 个帖子的主楼用户快照与帖子统计数据快照、帖子数据快照同步到数据库中
[2024/12/28 23:59:10.322] INFO | 正在构建评论数据同步任务队列...
[2024/12/28 23:59:10.325] INFO | 成功构建了 30 个评论数据同步任务
[2024/12/28 23:59:40.616] INFO | 成功从豆瓣小组 728957 中获取到 30 个帖子
[2024/12/28 23:59:41.553] INFO | 正在从评论数据同步任务队列中获取评论数据同步任务...
[2024/12/28 23:59:41.554] INFO | 成功获取到 0 个评论数据同步任务
[2024/12/29 00:03:10.112] INFO | 成功从豆瓣小组 728957 中获取到 30 个帖子
[2024/12/29 00:03:25.030] INFO | 成功将小组Id为 728957 中的 30 个帖子的主楼用户快照与帖子统计数据快照、帖子数据快照同步到数据库中
[2024/12/29 00:03:25.031] INFO | 正在构建评论数据同步任务队列...
[2024/12/29 00:03:25.038] INFO | 成功构建了 30 个评论数据同步任务
[2024/12/29 00:03:55.352] INFO | 成功从豆瓣小组 728957 中获取到 30 个帖子
[2024/12/29 00:04:07.628] INFO | 成功将小组Id为 728957 中的 30 个帖子的主楼用户快照与帖子统计数据快照、帖子数据快照同步到数据库中
[2024/12/29 00:04:07.630] INFO | 正在构建评论数据同步任务队列...
[2024/12/29 00:04:07.633] INFO | 成功构建了 30 个评论数据同步任务
[2024/12/29 00:05:15.992] INFO | 成功从豆瓣小组 728957 中获取到 30 个帖子
[2024/12/29 00:05:37.832] INFO | 成功将小组Id为 728957 中的 30 个帖子的主楼用户快照与帖子统计数据快照、帖子数据快照同步到数据库中
[2024/12/29 00:05:37.834] INFO | 正在构建评论数据同步任务队列...
[2024/12/29 00:05:37.839] INFO | 成功构建了 30 个评论数据同步任务
[2024/12/29 00:05:45.711] INFO | 正在从评论数据同步任务队列中获取评论数据同步任务...
[2024/12/29 00:05:45.713] INFO | 成功获取到 0 个评论数据同步任务
[2024/12/29 00:06:55.874] INFO | 成功从豆瓣小组 728957 中获取到 30 个帖子
[2024/12/29 00:07:13.617] INFO | 成功将小组Id为 728957 中的 30 个帖子的主楼用户快照与帖子统计数据快照、帖子数据快照同步到数据库中
[2024/12/29 00:07:13.618] INFO | 正在构建评论数据同步任务队列...
[2024/12/29 00:07:13.623] INFO | 成功构建了 30 个评论数据同步任务
[2024/12/29 00:07:25.347] INFO | 正在从评论数据同步任务队列中获取评论数据同步任务...
[2024/12/29 00:07:25.349] INFO | 成功获取到 0 个评论数据同步任务
[2024/12/29 00:15:25.631] INFO | 成功从豆瓣小组 728957 中获取到 30 个帖子
[2024/12/29 00:15:42.239] INFO | 成功将小组Id为 728957 中的 30 个帖子的主楼用户快照与帖子统计数据快照、帖子数据快照同步到数据库中
[2024/12/29 00:15:42.241] INFO | 正在构建评论数据同步任务队列...
[2024/12/29 00:15:42.246] INFO | 成功构建了 30 个评论数据同步任务
[2024/12/29 00:15:55.225] INFO | 正在从评论数据同步任务队列中获取评论数据同步任务...
[2024/12/29 00:15:55.226] INFO | 成功获取到 30 个评论数据同步任务
[2024/12/29 00:16:12.441] INFO | 成功从豆瓣小组 728957 中获取到 30 个帖子
[2024/12/29 00:16:26.029] INFO | 成功将小组Id为 728957 中的 30 个帖子的主楼用户快照与帖子统计数据快照、帖子数据快照同步到数据库中
[2024/12/29 00:16:26.030] INFO | 正在构建评论数据同步任务队列...
[2024/12/29 00:16:26.033] INFO | 成功构建了 30 个评论数据同步任务
[2024/12/29 00:16:56.345] INFO | 成功从豆瓣小组 728957 中获取到 30 个帖子
[2024/12/29 00:17:15.872] INFO | 成功将小组Id为 728957 中的 30 个帖子的主楼用户快照与帖子统计数据快照、帖子数据快照同步到数据库中
[2024/12/29 00:17:15.873] INFO | 正在构建评论数据同步任务队列...
[2024/12/29 00:17:15.876] INFO | 成功构建了 30 个评论数据同步任务
[2024/12/29 00:17:46.202] INFO | 成功从豆瓣小组 728957 中获取到 30 个帖子
